<?xml version="1.0" encoding="UTF-8"?>
<testng-results skipped="0" failed="0" ignored="0" total="1" passed="1">
  <reporter-output>
  </reporter-output>
  <suite name="Default suite" duration-ms="13445" started-at="2018-06-14T07:07:37Z" finished-at="2018-06-14T07:07:50Z">
    <groups>
    </groups>
    <test name="Default test" duration-ms="13445" started-at="2018-06-14T07:07:37Z" finished-at="2018-06-14T07:07:50Z">
      <class name="FrameworkDesignPrinciples.automationFramework.TestCase_POF">
        <test-method status="PASS" signature="beforeMethod()[pri:0, instance:FrameworkDesignPrinciples.automationFramework.TestCase_POF@bb9e6dc]" name="beforeMethod" is-config="true" duration-ms="4320" started-at="2018-06-14T07:07:37Z" finished-at="2018-06-14T07:07:41Z">
          <reporter-output>
          </reporter-output>
        </test-method> <!-- beforeMethod -->
        <test-method status="PASS" signature="main()[pri:0, instance:FrameworkDesignPrinciples.automationFramework.TestCase_POF@bb9e6dc]" name="main" duration-ms="7255" started-at="2018-06-14T07:07:41Z" finished-at="2018-06-14T07:07:48Z">
          <reporter-output>
          </reporter-output>
        </test-method> <!-- main -->
        <test-method status="PASS" signature="tearDown()[pri:0, instance:FrameworkDesignPrinciples.automationFramework.TestCase_POF@bb9e6dc]" name="tearDown" is-config="true" duration-ms="1822" started-at="2018-06-14T07:07:48Z" finished-at="2018-06-14T07:07:50Z">
          <reporter-output>
          </reporter-output>
        </test-method> <!-- tearDown -->
      </class> <!-- FrameworkDesignPrinciples.automationFramework.TestCase_POF -->
    </test> <!-- Default test -->
  </suite> <!-- Default suite -->
</testng-results>
