<?xml version="1.0" encoding="UTF-8"?>
<testsuite hostname="APIM-VM-victw" name="TestCase_TestNGFrame.Grouping" tests="5" failures="0" timestamp="4 Jun 2018 01:42:54 GMT" time="0.047" errors="0">
  <testcase name="Car1" time="0.016" classname="TestCase_TestNGFrame.Grouping"/>
  <testcase name="Car2" time="0.0" classname="TestCase_TestNGFrame.Grouping"/>
  <testcase name="Scooter1" time="0.0" classname="TestCase_TestNGFrame.Grouping"/>
  <testcase name="Scooter2" time="0.0" classname="TestCase_TestNGFrame.Grouping"/>
  <testcase name="Sedan1" time="0.0" classname="TestCase_TestNGFrame.Grouping"/>
</testsuite>
