<?xml version="1.0" encoding="UTF-8"?>
<testng-results skipped="0" failed="0" ignored="0" total="1" passed="1">
  <reporter-output>
  </reporter-output>
  <suite name="test.java.NewTest" duration-ms="62" started-at="2018-06-13T03:33:16Z" finished-at="2018-06-13T03:33:16Z">
    <groups>
    </groups>
    <test name="Command line test" duration-ms="62" started-at="2018-06-13T03:33:16Z" finished-at="2018-06-13T03:33:16Z">
      <class name="test.java.NewTest">
        <test-method status="PASS" signature="f()[pri:0, instance:test.java.NewTest@327471b5]" name="f" duration-ms="0" started-at="2018-06-13T03:33:16Z" finished-at="2018-06-13T03:33:16Z">
          <reporter-output>
          </reporter-output>
        </test-method> <!-- f -->
        <test-method status="PASS" signature="beforeMethod()[pri:0, instance:test.java.NewTest@327471b5]" name="beforeMethod" is-config="true" duration-ms="0" started-at="2018-06-13T03:33:16Z" finished-at="2018-06-13T03:33:16Z">
          <reporter-output>
          </reporter-output>
        </test-method> <!-- beforeMethod -->
        <test-method status="PASS" signature="afterMethod()[pri:0, instance:test.java.NewTest@327471b5]" name="afterMethod" is-config="true" duration-ms="0" started-at="2018-06-13T03:33:16Z" finished-at="2018-06-13T03:33:16Z">
          <reporter-output>
          </reporter-output>
        </test-method> <!-- afterMethod -->
      </class> <!-- test.java.NewTest -->
    </test> <!-- Command line test -->
  </suite> <!-- test.java.NewTest -->
</testng-results>
